<?xml version="1.0" encoding="UTF-8"?>
<testng-results ignored="0" total="1" passed="1" failed="0" skipped="0">
  <reporter-output>
  </reporter-output>
  <suite started-at="2024-03-07T10:38:39 IST" name="Default suite" finished-at="2024-03-07T10:38:45 IST" duration-ms="5103">
    <groups>
    </groups>
    <test started-at="2024-03-07T10:38:39 IST" name="Default test" finished-at="2024-03-07T10:38:45 IST" duration-ms="5103">
      <class name="Testpkg.fblogintest">
        <test-method is-config="true" signature="setUp()[pri:0, instance:Testpkg.fblogintest@55a147cc]" started-at="2024-03-07T10:38:40 IST" name="setUp" finished-at="2024-03-07T10:38:44 IST" duration-ms="4674" status="PASS">
          <reporter-output>
          </reporter-output>
        </test-method> <!-- setUp -->
        <test-method signature="testlogin()[pri:0, instance:Testpkg.fblogintest@55a147cc]" started-at="2024-03-07T10:38:44 IST" name="testlogin" finished-at="2024-03-07T10:38:45 IST" duration-ms="370" status="PASS">
          <reporter-output>
          </reporter-output>
        </test-method> <!-- testlogin -->
      </class> <!-- Testpkg.fblogintest -->
    </test> <!-- Default test -->
  </suite> <!-- Default suite -->
</testng-results>
